<?xml version="1.0" encoding="UTF-8"?>
<!-- Generated by org.testng.reporters.JUnitReportReporter -->
<testsuite skipped="0" hostname="DESKTOP-4N878IM" name="org.jaganHotel.jaganIsLoging" tests="1" failures="0" timestamp="16 Mar 2021 15:31:09 GMT" time="2.507" errors="0">
  <testcase name="test1" time="2.507" classname="org.jaganHotel.jaganIsLoging"/>
</testsuite> <!-- org.jaganHotel.jaganIsLoging -->
